42.0 APEX_CODE,FINEST;APEX_PROFILING,ERROR;CALLOUT,ERROR;DB,INFO;SYSTEM,FINEST;VALIDATION,ERROR;VISUALFORCE,ERROR;WAVE,INFO;WORKFLOW,ERROR
05:23:14.0 (475445)|USER_INFO|[EXTERNAL]|0050a00000JQ9gC|formbuilder@stratus360.com|Eastern Standard Time|GMT-04:00
05:23:14.0 (518749)|EXECUTION_STARTED
05:23:14.0 (525008)|CODE_UNIT_STARTED|[EXTERNAL]|0660a000003CY18|VF: /apex/s360_fa__S360_FormBuilder2
05:23:14.0 (10728486)|SYSTEM_MODE_ENTER|true
05:23:14.0 (10997531)|HEAP_ALLOCATE|[72]|Bytes:3
05:23:14.0 (11064568)|HEAP_ALLOCATE|[77]|Bytes:152
05:23:14.0 (11078917)|HEAP_ALLOCATE|[342]|Bytes:408
05:23:14.0 (11091636)|HEAP_ALLOCATE|[355]|Bytes:408
05:23:14.0 (11103053)|HEAP_ALLOCATE|[467]|Bytes:48
05:23:14.0 (11130613)|HEAP_ALLOCATE|[139]|Bytes:6
05:23:14.0 (11187823)|HEAP_ALLOCATE|[EXTERNAL]|Bytes:92
05:23:14.0 (11218101)|HEAP_ALLOCATE|[EXTERNAL]|Bytes:3
05:23:14.0 (11238028)|METHOD_ENTRY|[1]|01p0a000005RYwE|S360_Form_Builder_Ext.S360_Form_Builder_Ext()
05:23:14.0 (11248587)|STATEMENT_EXECUTE|[1]
05:23:14.0 (11254976)|STATEMENT_EXECUTE|[1]
05:23:14.0 (11269491)|METHOD_EXIT|[1]|S360_Form_Builder_Ext
05:23:14.0 (11312331)|HEAP_ALLOCATE|[EXTERNAL]|Bytes:8
05:23:14.0 (11334638)|VARIABLE_SCOPE_BEGIN|[4]|this|S360_FA.S360_Form_Builder_Ext|true|false
05:23:14.0 (11386842)|VARIABLE_ASSIGNMENT|[4]|this|{}|0x2947f528
05:23:14.0 (11395307)|VARIABLE_SCOPE_BEGIN|[4]|stdCtrl|ApexPages.StandardController|true|false
05:23:14.0 (11539437)|VARIABLE_ASSIGNMENT|[4]|stdCtrl|"StandardController [null]"|0x2a02d8cc
05:23:14.0 (11551630)|STATEMENT_EXECUTE|[1]
05:23:14.0 (11553483)|STATEMENT_EXECUTE|[2]
05:23:14.0 (11564394)|HEAP_ALLOCATE|[5]|Bytes:6
05:23:14.0 (11619853)|STATEMENT_EXECUTE|[4]
05:23:14.0 (11622194)|STATEMENT_EXECUTE|[5]
05:23:14.0 (11638085)|HEAP_ALLOCATE|[5]|Bytes:4
05:23:14.0 (11665350)|SYSTEM_CONSTRUCTOR_ENTRY|[5]|<init>()
05:23:14.0 (11693190)|SYSTEM_CONSTRUCTOR_EXIT|[5]|<init>()
05:23:14.0 (11709129)|VARIABLE_SCOPE_BEGIN|[5]|availableFields|List<String>|true|false
05:23:14.0 (11744677)|HEAP_ALLOCATE|[EXTERNAL]|Bytes:4
05:23:14.0 (11757381)|VARIABLE_ASSIGNMENT|[5]|availableFields|[]|0x3360a006
05:23:14.0 (11762946)|STATEMENT_EXECUTE|[6]
05:23:14.0 (11795700)|SYSTEM_METHOD_ENTRY|[6]|ApexPages.StandardController.getRecord()
05:23:14.0 (20176417)|HEAP_ALLOCATE|[6]|Bytes:20
05:23:14.0 (20208901)|SYSTEM_METHOD_EXIT|[6]|ApexPages.StandardController.getRecord()
05:23:14.0 (20230649)|VARIABLE_SCOPE_BEGIN|[6]|formConfig|S360_FA__S360_Form_Config__c|true|false
05:23:14.0 (20278103)|VARIABLE_ASSIGNMENT|[6]|formConfig|{"Id":"a040a00000Z06ZrAAJ","S360_FA__JSON__c":"{\"components\":[{\"inp (2318 more) ...","Name":"carousel1","S360_FA__Primary_Obj (6 more) ...":"S360_FA__Dummy_Objec (4 more) ..."}|0x5af7d5bb
05:23:14.0 (20374437)|HEAP_ALLOCATE|[50]|Bytes:5
05:23:14.0 (20418975)|HEAP_ALLOCATE|[56]|Bytes:5
05:23:14.0 (20434474)|HEAP_ALLOCATE|[64]|Bytes:7
05:23:14.0 (20464159)|STATEMENT_EXECUTE|[8]
05:23:14.0 (20467755)|STATEMENT_EXECUTE|[9]
05:23:14.0 (20485089)|VARIABLE_SCOPE_BEGIN|[9]|primaryObject|String|false|false
05:23:14.0 (20506076)|VARIABLE_ASSIGNMENT|[9]|primaryObject|"S360_FA__Dummy_Objec (4 more) ..."
05:23:14.0 (20512867)|STATEMENT_EXECUTE|[10]
05:23:14.0 (20537560)|SYSTEM_METHOD_ENTRY|[10]|Schema.getGlobalDescribe()
05:23:14.0 (44300690)|HEAP_ALLOCATE|[10]|Bytes:1668
05:23:14.0 (44332824)|SYSTEM_METHOD_EXIT|[10]|Schema.getGlobalDescribe()
05:23:14.0 (44346980)|VARIABLE_SCOPE_BEGIN|[10]|globalDescribe|Map<String,Schema.SObjectType>|true|false
05:23:14.0 (44690179)|VARIABLE_ASSIGNMENT|[10]|globalDescribe|"{acceptedeventrelation=AcceptedEventRelation, account=Account, accountcleaninfo=AccountCleanInfo, accountcontactrole=AccountContactRole, accountfeed=AccountFeed, accounthistory=AccountHistory, accountpartner=AccountPartner, accountshare=AccountShare, actionlinkgrouptemplate=ActionLinkGroupTemplate, actionlinktemplate=ActionLinkTemplate, ...}"|0x4b8e2748
05:23:14.0 (44750952)|SYSTEM_METHOD_ENTRY|[11]|String.toLowerCase()
05:23:14.0 (44787794)|HEAP_ALLOCATE|[11]|Bytes:24
05:23:14.0 (44802868)|SYSTEM_METHOD_EXIT|[11]|String.toLowerCase()
05:23:14.0 (44849989)|SYSTEM_METHOD_ENTRY|[11]|Map<String,Schema.SObjectType>.get(Object)
05:23:14.0 (44870566)|SYSTEM_METHOD_EXIT|[11]|Map<String,Schema.SObjectType>.get(Object)
05:23:14.0 (44879746)|STATEMENT_EXECUTE|[11]
05:23:14.0 (44882429)|STATEMENT_EXECUTE|[12]
05:23:14.0 (44892298)|SYSTEM_METHOD_ENTRY|[12]|String.toLowerCase()
05:23:14.0 (44904163)|HEAP_ALLOCATE|[12]|Bytes:24
05:23:14.0 (44912525)|SYSTEM_METHOD_EXIT|[12]|String.toLowerCase()
05:23:14.0 (44921802)|SYSTEM_METHOD_ENTRY|[12]|Map<String,Schema.SObjectType>.get(Object)
05:23:14.0 (44931223)|SYSTEM_METHOD_EXIT|[12]|Map<String,Schema.SObjectType>.get(Object)
05:23:14.0 (44951228)|SYSTEM_METHOD_ENTRY|[12]|Schema.SObjectType.getDescribe()
05:23:14.0 (45134430)|HEAP_ALLOCATE|[12]|Bytes:4
05:23:14.0 (45146857)|SYSTEM_METHOD_EXIT|[12]|Schema.SObjectType.getDescribe()
05:23:14.0 (45169213)|VARIABLE_SCOPE_BEGIN|[12]|objectDescribe|Schema.DescribeSObjectResult|true|false
05:23:14.0 (45255571)|VARIABLE_ASSIGNMENT|[12]|objectDescribe|"common.api.soap.wsdl.DescribeSObjectResult@d79df552"|0x1cd61e96
05:23:14.0 (45264231)|STATEMENT_EXECUTE|[13]
05:23:14.0 (45334604)|SYSTEM_METHOD_ENTRY|[13]|Schema.SObjectTypeFields.getMap()
05:23:14.0 (46403452)|HEAP_ALLOCATE|[13]|Bytes:100
05:23:14.0 (46417136)|SYSTEM_METHOD_EXIT|[13]|Schema.SObjectTypeFields.getMap()
05:23:14.0 (46424366)|VARIABLE_SCOPE_BEGIN|[13]|fieldInfo|Map<String,Schema.SObjectField>|true|false
05:23:14.0 (46584821)|VARIABLE_ASSIGNMENT|[13]|fieldInfo|"{createdbyid=CreatedById, createddate=CreatedDate, id=Id, isdeleted=IsDeleted, lastmodifiedbyid=LastModifiedById, lastmodifieddate=LastModifiedDate, lastreferenceddate=LastReferencedDate, lastvieweddate=LastViewedDate, name=Name, ownerid=OwnerId, ...}"|0x4c509bfb
05:23:14.0 (46607457)|SYSTEM_METHOD_ENTRY|[14]|Map<String,Schema.SObjectField>.values()
05:23:14.0 (46676343)|HEAP_ALLOCATE|[EXTERNAL]|Bytes:100
05:23:14.0 (46699212)|HEAP_ALLOCATE|[14]|Bytes:100
05:23:14.0 (46708026)|SYSTEM_METHOD_EXIT|[14]|Map<String,Schema.SObjectField>.values()
05:23:14.0 (46720188)|SYSTEM_METHOD_ENTRY|[14]|List<Schema.SObjectField>.iterator()
05:23:14.0 (46770673)|SYSTEM_METHOD_EXIT|[14]|List<Schema.SObjectField>.iterator()
05:23:14.0 (46785121)|SYSTEM_METHOD_ENTRY|[14]|system.ListIterator.hasNext()
05:23:14.0 (46802023)|HEAP_ALLOCATE|[14]|Bytes:5
05:23:14.0 (46821363)|SYSTEM_METHOD_EXIT|[14]|system.ListIterator.hasNext()
05:23:14.0 (46842120)|VARIABLE_SCOPE_BEGIN|[14]|f|Schema.SObjectField|true|false
05:23:14.0 (46913864)|VARIABLE_ASSIGNMENT|[14]|f|"common.apex.runtime.impl.ApexFieldToken@5eb30db3"|0x5eb30db3
05:23:14.0 (46923743)|STATEMENT_EXECUTE|[14]
05:23:14.0 (46925973)|STATEMENT_EXECUTE|[15]
05:23:14.0 (46937851)|SYSTEM_METHOD_ENTRY|[15]|Schema.SObjectField.getDescribe()
05:23:14.0 (47375875)|HEAP_ALLOCATE|[15]|Bytes:8
05:23:14.0 (47387942)|SYSTEM_METHOD_EXIT|[15]|Schema.SObjectField.getDescribe()
05:23:14.0 (47403981)|VARIABLE_SCOPE_BEGIN|[15]|dfr|Schema.DescribeFieldResult|true|false
05:23:14.0 (47493721)|VARIABLE_ASSIGNMENT|[15]|dfr|"common.api.soap.wsdl.Field@44dcd142"|0x7a6fafb0
05:23:14.0 (47501881)|STATEMENT_EXECUTE|[16]
05:23:14.0 (47507537)|HEAP_ALLOCATE|[16]|Bytes:1
05:23:14.0 (47525062)|HEAP_ALLOCATE|[16]|Bytes:2
05:23:14.0 (47539080)|HEAP_ALLOCATE|[16]|Bytes:4
05:23:14.0 (47562651)|SYSTEM_METHOD_ENTRY|[16]|List<String>.add(Object)
05:23:14.0 (47583455)|HEAP_ALLOCATE|[EXTERNAL]|Bytes:4
05:23:14.0 (47593179)|SYSTEM_METHOD_EXIT|[16]|List<String>.add(Object)
05:23:14.0 (47606203)|STATEMENT_EXECUTE|[17]
05:23:14.0 (47613800)|SYSTEM_METHOD_ENTRY|[14]|system.ListIterator.hasNext()
05:23:14.0 (47621918)|HEAP_ALLOCATE|[14]|Bytes:5
05:23:14.0 (47627885)|SYSTEM_METHOD_EXIT|[14]|system.ListIterator.hasNext()
05:23:14.0 (47641146)|VARIABLE_SCOPE_BEGIN|[14]|f|Schema.SObjectField|true|false
05:23:14.0 (47708895)|VARIABLE_ASSIGNMENT|[14]|f|"common.apex.runtime.impl.ApexFieldToken@52dd58a9"|0x52dd58a9
05:23:14.0 (47717886)|STATEMENT_EXECUTE|[14]
05:23:14.0 (47719508)|STATEMENT_EXECUTE|[15]
05:23:14.0 (47725980)|SYSTEM_METHOD_ENTRY|[15]|Schema.SObjectField.getDescribe()
05:23:14.0 (47870173)|HEAP_ALLOCATE|[15]|Bytes:8
05:23:14.0 (47880384)|SYSTEM_METHOD_EXIT|[15]|Schema.SObjectField.getDescribe()
05:23:14.0 (47886307)|VARIABLE_SCOPE_BEGIN|[15]|dfr|Schema.DescribeFieldResult|true|false
05:23:14.0 (47966475)|VARIABLE_ASSIGNMENT|[15]|dfr|"common.api.soap.wsdl.Field@56263ad2"|0x207fe4bb
05:23:14.0 (47974280)|STATEMENT_EXECUTE|[16]
05:23:14.0 (47982261)|HEAP_ALLOCATE|[16]|Bytes:7
05:23:14.0 (47990539)|HEAP_ALLOCATE|[16]|Bytes:9
05:23:14.0 (48007446)|SYSTEM_METHOD_ENTRY|[16]|List<String>.add(Object)
05:23:14.0 (48013931)|HEAP_ALLOCATE|[EXTERNAL]|Bytes:4
05:23:14.0 (48022585)|SYSTEM_METHOD_EXIT|[16]|List<String>.add(Object)
05:23:14.0 (48030264)|HEAP_ALLOCATE|[17]|Bytes:5
05:23:14.0 (48034858)|STATEMENT_EXECUTE|[17]
05:23:14.0 (48036625)|STATEMENT_EXECUTE|[18]
05:23:14.0 (48044210)|HEAP_ALLOCATE|[18]|Bytes:5
05:23:14.0 (48050638)|HEAP_ALLOCATE|[18]|Bytes:7
05:23:14.0 (48061553)|SYSTEM_METHOD_ENTRY|[18]|List<String>.add(Object)
05:23:14.0 (48076889)|HEAP_ALLOCATE|[EXTERNAL]|Bytes:4
05:23:14.0 (48084554)|SYSTEM_METHOD_EXIT|[18]|List<String>.add(Object)
05:23:14.0 (48092495)|SYSTEM_METHOD_ENTRY|[14]|system.ListIterator.hasNext()
05:23:14.0 (48100099)|HEAP_ALLOCATE|[14]|Bytes:5
05:23:14.0 (48105331)|SYSTEM_METHOD_EXIT|[14]|system.ListIterator.hasNext()
05:23:14.0 (48117079)|VARIABLE_SCOPE_BEGIN|[14]|f|Schema.SObjectField|true|false
05:23:14.0 (48183309)|VARIABLE_ASSIGNMENT|[14]|f|"common.apex.runtime.impl.ApexFieldToken@1a1a9e4a"|0x1a1a9e4a
05:23:14.0 (48192182)|STATEMENT_EXECUTE|[14]
05:23:14.0 (48193745)|STATEMENT_EXECUTE|[15]
05:23:14.0 (48200128)|SYSTEM_METHOD_ENTRY|[15]|Schema.SObjectField.getDescribe()
05:23:14.0 (48308920)|HEAP_ALLOCATE|[15]|Bytes:8
05:23:14.0 (48318317)|SYSTEM_METHOD_EXIT|[15]|Schema.SObjectField.getDescribe()
05:23:14.0 (48323735)|VARIABLE_SCOPE_BEGIN|[15]|dfr|Schema.DescribeFieldResult|true|false
05:23:14.0 (48433626)|VARIABLE_ASSIGNMENT|[15]|dfr|"common.api.soap.wsdl.Field@d7892eaa"|0x72b6c7d8
05:23:14.0 (48442021)|STATEMENT_EXECUTE|[16]
05:23:14.0 (48450524)|HEAP_ALLOCATE|[16]|Bytes:9
05:23:14.0 (48458580)|HEAP_ALLOCATE|[16]|Bytes:11
05:23:14.0 (48474841)|SYSTEM_METHOD_ENTRY|[16]|List<String>.add(Object)
05:23:14.0 (48480435)|HEAP_ALLOCATE|[EXTERNAL]|Bytes:4
05:23:14.0 (48488681)|SYSTEM_METHOD_EXIT|[16]|List<String>.add(Object)
05:23:14.0 (48495596)|STATEMENT_EXECUTE|[17]
05:23:14.0 (48501851)|SYSTEM_METHOD_ENTRY|[14]|system.ListIterator.hasNext()
05:23:14.0 (48509048)|HEAP_ALLOCATE|[14]|Bytes:5
05:23:14.0 (48514325)|SYSTEM_METHOD_EXIT|[14]|system.ListIterator.hasNext()
05:23:14.0 (48526566)|VARIABLE_SCOPE_BEGIN|[14]|f|Schema.SObjectField|true|false
05:23:14.0 (48592183)|VARIABLE_ASSIGNMENT|[14]|f|"common.apex.runtime.impl.ApexFieldToken@14cdf5fc"|0x14cdf5fc
05:23:14.0 (48600750)|STATEMENT_EXECUTE|[14]
05:23:14.0 (48602332)|STATEMENT_EXECUTE|[15]
05:23:14.0 (48608733)|SYSTEM_METHOD_ENTRY|[15]|Schema.SObjectField.getDescribe()
05:23:14.0 (48708043)|HEAP_ALLOCATE|[15]|Bytes:8
05:23:14.0 (48717092)|SYSTEM_METHOD_EXIT|[15]|Schema.SObjectField.getDescribe()
05:23:14.0 (48722469)|VARIABLE_SCOPE_BEGIN|[15]|dfr|Schema.DescribeFieldResult|true|false
05:23:14.0 (48799610)|VARIABLE_ASSIGNMENT|[15]|dfr|"common.api.soap.wsdl.Field@5c3a3432"|0x4d4d3880
05:23:14.0 (48807454)|STATEMENT_EXECUTE|[16]
05:23:14.0 (48815104)|HEAP_ALLOCATE|[16]|Bytes:4
05:23:14.0 (48823048)|HEAP_ALLOCATE|[16]|Bytes:6
05:23:14.0 (48838462)|SYSTEM_METHOD_ENTRY|[16]|List<String>.add(Object)
05:23:14.0 (48844489)|HEAP_ALLOCATE|[EXTERNAL]|Bytes:4
05:23:14.0 (48852198)|SYSTEM_METHOD_EXIT|[16]|List<String>.add(Object)
05:23:14.0 (48858879)|STATEMENT_EXECUTE|[17]
05:23:14.0 (48864941)|SYSTEM_METHOD_ENTRY|[14]|system.ListIterator.hasNext()
05:23:14.0 (48872233)|HEAP_ALLOCATE|[14]|Bytes:5
05:23:14.0 (48877454)|SYSTEM_METHOD_EXIT|[14]|system.ListIterator.hasNext()
05:23:14.0 (48888872)|VARIABLE_SCOPE_BEGIN|[14]|f|Schema.SObjectField|true|false
05:23:14.0 (48952977)|VARIABLE_ASSIGNMENT|[14]|f|"common.apex.runtime.impl.ApexFieldToken@5255bc43"|0x5255bc43
05:23:14.0 (48961316)|STATEMENT_EXECUTE|[14]
05:23:14.0 (48962854)|STATEMENT_EXECUTE|[15]
05:23:14.0 (48968810)|SYSTEM_METHOD_ENTRY|[15]|Schema.SObjectField.getDescribe()
05:23:14.0 (49102115)|HEAP_ALLOCATE|[15]|Bytes:8
05:23:14.0 (49113179)|SYSTEM_METHOD_EXIT|[15]|Schema.SObjectField.getDescribe()
05:23:14.0 (49118939)|VARIABLE_SCOPE_BEGIN|[15]|dfr|Schema.DescribeFieldResult|true|false
05:23:14.0 (49195489)|VARIABLE_ASSIGNMENT|[15]|dfr|"common.api.soap.wsdl.Field@9e627699"|0x688a91a2
05:23:14.0 (49203458)|STATEMENT_EXECUTE|[16]
05:23:14.0 (49210964)|HEAP_ALLOCATE|[16]|Bytes:12
05:23:14.0 (49219092)|HEAP_ALLOCATE|[16]|Bytes:14
05:23:14.0 (49234979)|SYSTEM_METHOD_ENTRY|[16]|List<String>.add(Object)
05:23:14.0 (49240476)|HEAP_ALLOCATE|[EXTERNAL]|Bytes:4
05:23:14.0 (49248219)|SYSTEM_METHOD_EXIT|[16]|List<String>.add(Object)
05:23:14.0 (49255504)|HEAP_ALLOCATE|[17]|Bytes:10
05:23:14.0 (49260091)|STATEMENT_EXECUTE|[17]
05:23:14.0 (49261691)|STATEMENT_EXECUTE|[18]
05:23:14.0 (49264844)|HEAP_ALLOCATE|[18]|Bytes:10
05:23:14.0 (49269902)|HEAP_ALLOCATE|[18]|Bytes:12
05:23:14.0 (49277836)|SYSTEM_METHOD_ENTRY|[18]|List<String>.add(Object)
05:23:14.0 (49281497)|HEAP_ALLOCATE|[EXTERNAL]|Bytes:4
05:23:14.0 (49287749)|SYSTEM_METHOD_EXIT|[18]|List<String>.add(Object)
05:23:14.0 (49295339)|SYSTEM_METHOD_ENTRY|[14]|system.ListIterator.hasNext()
05:23:14.0 (49302169)|HEAP_ALLOCATE|[14]|Bytes:5
05:23:14.0 (49306847)|SYSTEM_METHOD_EXIT|[14]|system.ListIterator.hasNext()
05:23:14.0 (49318560)|VARIABLE_SCOPE_BEGIN|[14]|f|Schema.SObjectField|true|false
05:23:14.0 (49386976)|VARIABLE_ASSIGNMENT|[14]|f|"common.apex.runtime.impl.ApexFieldToken@6af5beb0"|0x6af5beb0
05:23:14.0 (49395393)|STATEMENT_EXECUTE|[14]
05:23:14.0 (49397053)|STATEMENT_EXECUTE|[15]
05:23:14.0 (49403296)|SYSTEM_METHOD_ENTRY|[15]|Schema.SObjectField.getDescribe()
05:23:14.0 (49518756)|HEAP_ALLOCATE|[15]|Bytes:8
05:23:14.0 (49527819)|SYSTEM_METHOD_EXIT|[15]|Schema.SObjectField.getDescribe()
05:23:14.0 (49533768)|VARIABLE_SCOPE_BEGIN|[15]|dfr|Schema.DescribeFieldResult|true|false
05:23:14.0 (49613332)|VARIABLE_ASSIGNMENT|[15]|dfr|"common.api.soap.wsdl.Field@bb778fbd"|0x25dbe506
05:23:14.0 (49621255)|STATEMENT_EXECUTE|[16]
05:23:14.0 (49628816)|HEAP_ALLOCATE|[16]|Bytes:11
05:23:14.0 (49636878)|HEAP_ALLOCATE|[16]|Bytes:13
05:23:14.0 (49652073)|SYSTEM_METHOD_ENTRY|[16]|List<String>.add(Object)
05:23:14.0 (49657214)|HEAP_ALLOCATE|[EXTERNAL]|Bytes:4
05:23:14.0 (49664609)|SYSTEM_METHOD_EXIT|[16]|List<String>.add(Object)
05:23:14.0 (49671252)|STATEMENT_EXECUTE|[17]
05:23:14.0 (49677596)|SYSTEM_METHOD_ENTRY|[14]|system.ListIterator.hasNext()
05:23:14.0 (49684561)|HEAP_ALLOCATE|[14]|Bytes:5
05:23:14.0 (49689441)|SYSTEM_METHOD_EXIT|[14]|system.ListIterator.hasNext()
05:23:14.0 (49701130)|VARIABLE_SCOPE_BEGIN|[14]|f|Schema.SObjectField|true|false
05:23:14.0 (49764362)|VARIABLE_ASSIGNMENT|[14]|f|"common.apex.runtime.impl.ApexFieldToken@24d3856a"|0x24d3856a
05:23:14.0 (49772676)|STATEMENT_EXECUTE|[14]
05:23:14.0 (49774252)|STATEMENT_EXECUTE|[15]
05:23:14.0 (49780024)|SYSTEM_METHOD_ENTRY|[15]|Schema.SObjectField.getDescribe()
05:23:14.0 (49904630)|HEAP_ALLOCATE|[15]|Bytes:8
05:23:14.0 (49914300)|SYSTEM_METHOD_EXIT|[15]|Schema.SObjectField.getDescribe()
05:23:14.0 (49920207)|VARIABLE_SCOPE_BEGIN|[15]|dfr|Schema.DescribeFieldResult|true|false
05:23:14.0 (49997665)|VARIABLE_ASSIGNMENT|[15]|dfr|"common.api.soap.wsdl.Field@70c9aef7"|0xa0a8154
05:23:14.0 (50005539)|STATEMENT_EXECUTE|[16]
05:23:14.0 (50013966)|HEAP_ALLOCATE|[16]|Bytes:11
05:23:14.0 (50021680)|HEAP_ALLOCATE|[16]|Bytes:13
05:23:14.0 (50038541)|SYSTEM_METHOD_ENTRY|[16]|List<String>.add(Object)
05:23:14.0 (50043938)|HEAP_ALLOCATE|[EXTERNAL]|Bytes:4
05:23:14.0 (50051590)|SYSTEM_METHOD_EXIT|[16]|List<String>.add(Object)
05:23:14.0 (50059022)|HEAP_ALLOCATE|[17]|Bytes:9
05:23:14.0 (50063425)|STATEMENT_EXECUTE|[17]
05:23:14.0 (50065107)|STATEMENT_EXECUTE|[18]
05:23:14.0 (50068294)|HEAP_ALLOCATE|[18]|Bytes:9
05:23:14.0 (50073005)|HEAP_ALLOCATE|[18]|Bytes:11
05:23:14.0 (50081424)|SYSTEM_METHOD_ENTRY|[18]|List<String>.add(Object)
05:23:14.0 (50085310)|HEAP_ALLOCATE|[EXTERNAL]|Bytes:4
05:23:14.0 (50091433)|SYSTEM_METHOD_EXIT|[18]|List<String>.add(Object)
05:23:14.0 (50098925)|SYSTEM_METHOD_ENTRY|[14]|system.ListIterator.hasNext()
05:23:14.0 (50105652)|HEAP_ALLOCATE|[14]|Bytes:5
05:23:14.0 (50110637)|SYSTEM_METHOD_EXIT|[14]|system.ListIterator.hasNext()
05:23:14.0 (50121859)|VARIABLE_SCOPE_BEGIN|[14]|f|Schema.SObjectField|true|false
05:23:14.0 (50186577)|VARIABLE_ASSIGNMENT|[14]|f|"common.apex.runtime.impl.ApexFieldToken@5fcaf619"|0x5fcaf619
05:23:14.0 (50194938)|STATEMENT_EXECUTE|[14]
05:23:14.0 (50196476)|STATEMENT_EXECUTE|[15]
05:23:14.0 (50202809)|SYSTEM_METHOD_ENTRY|[15]|Schema.SObjectField.getDescribe()
05:23:14.0 (50314693)|HEAP_ALLOCATE|[15]|Bytes:8
05:23:14.0 (50323335)|SYSTEM_METHOD_EXIT|[15]|Schema.SObjectField.getDescribe()
05:23:14.0 (50333075)|VARIABLE_SCOPE_BEGIN|[15]|dfr|Schema.DescribeFieldResult|true|false
05:23:14.0 (50410717)|VARIABLE_ASSIGNMENT|[15]|dfr|"common.api.soap.wsdl.Field@196839df"|0x54577cf5
05:23:14.0 (50418788)|STATEMENT_EXECUTE|[16]
05:23:14.0 (50426652)|HEAP_ALLOCATE|[16]|Bytes:16
05:23:14.0 (50433937)|HEAP_ALLOCATE|[16]|Bytes:18
05:23:14.0 (50449744)|SYSTEM_METHOD_ENTRY|[16]|List<String>.add(Object)
05:23:14.0 (50455499)|HEAP_ALLOCATE|[EXTERNAL]|Bytes:4
05:23:14.0 (50463334)|SYSTEM_METHOD_EXIT|[16]|List<String>.add(Object)
05:23:14.0 (50469814)|STATEMENT_EXECUTE|[17]
05:23:14.0 (50475986)|SYSTEM_METHOD_ENTRY|[14]|system.ListIterator.hasNext()
05:23:14.0 (50482622)|HEAP_ALLOCATE|[14]|Bytes:5
05:23:14.0 (50487597)|SYSTEM_METHOD_EXIT|[14]|system.ListIterator.hasNext()
05:23:14.0 (50499449)|VARIABLE_SCOPE_BEGIN|[14]|f|Schema.SObjectField|true|false
05:23:14.0 (50564207)|VARIABLE_ASSIGNMENT|[14]|f|"common.apex.runtime.impl.ApexFieldToken@2082ee07"|0x2082ee07
05:23:14.0 (50572354)|STATEMENT_EXECUTE|[14]
05:23:14.0 (50573874)|STATEMENT_EXECUTE|[15]
05:23:14.0 (50579999)|SYSTEM_METHOD_ENTRY|[15]|Schema.SObjectField.getDescribe()
05:23:14.0 (50701266)|HEAP_ALLOCATE|[15]|Bytes:8
05:23:14.0 (50710762)|SYSTEM_METHOD_EXIT|[15]|Schema.SObjectField.getDescribe()
05:23:14.0 (50715985)|VARIABLE_SCOPE_BEGIN|[15]|dfr|Schema.DescribeFieldResult|true|false
05:23:14.0 (50791888)|VARIABLE_ASSIGNMENT|[15]|dfr|"common.api.soap.wsdl.Field@43082594"|0x224f39a5
05:23:14.0 (50799705)|STATEMENT_EXECUTE|[16]
05:23:14.0 (50807012)|HEAP_ALLOCATE|[16]|Bytes:16
05:23:14.0 (50814275)|HEAP_ALLOCATE|[16]|Bytes:18
05:23:14.0 (50829589)|SYSTEM_METHOD_ENTRY|[16]|List<String>.add(Object)
05:23:14.0 (50838705)|HEAP_ALLOCATE|[EXTERNAL]|Bytes:4
05:23:14.0 (50846981)|SYSTEM_METHOD_EXIT|[16]|List<String>.add(Object)
05:23:14.0 (50854031)|HEAP_ALLOCATE|[17]|Bytes:14
05:23:14.0 (50858206)|STATEMENT_EXECUTE|[17]
05:23:14.0 (50860215)|STATEMENT_EXECUTE|[18]
05:23:14.0 (50863408)|HEAP_ALLOCATE|[18]|Bytes:14
05:23:14.0 (50868223)|HEAP_ALLOCATE|[18]|Bytes:16
05:23:14.0 (50876430)|SYSTEM_METHOD_ENTRY|[18]|List<String>.add(Object)
05:23:14.0 (50880309)|HEAP_ALLOCATE|[EXTERNAL]|Bytes:4
05:23:14.0 (50886403)|SYSTEM_METHOD_EXIT|[18]|List<String>.add(Object)
05:23:14.0 (50893414)|SYSTEM_METHOD_ENTRY|[14]|system.ListIterator.hasNext()
05:23:14.0 (50899831)|HEAP_ALLOCATE|[14]|Bytes:5
05:23:14.0 (50905182)|SYSTEM_METHOD_EXIT|[14]|system.ListIterator.hasNext()
05:23:14.0 (50916758)|VARIABLE_SCOPE_BEGIN|[14]|f|Schema.SObjectField|true|false
05:23:14.0 (50980623)|VARIABLE_ASSIGNMENT|[14]|f|"common.apex.runtime.impl.ApexFieldToken@67c5c499"|0x67c5c499
05:23:14.0 (50988824)|STATEMENT_EXECUTE|[14]
05:23:14.0 (50990317)|STATEMENT_EXECUTE|[15]
05:23:14.0 (50996527)|SYSTEM_METHOD_ENTRY|[15]|Schema.SObjectField.getDescribe()
05:23:14.0 (51092941)|HEAP_ALLOCATE|[15]|Bytes:8
05:23:14.0 (51102044)|SYSTEM_METHOD_EXIT|[15]|Schema.SObjectField.getDescribe()
05:23:14.0 (51107934)|VARIABLE_SCOPE_BEGIN|[15]|dfr|Schema.DescribeFieldResult|true|false
05:23:14.0 (51184045)|VARIABLE_ASSIGNMENT|[15]|dfr|"common.api.soap.wsdl.Field@a3570e6b"|0x65f0b3e8
05:23:14.0 (51191308)|STATEMENT_EXECUTE|[16]
05:23:14.0 (51198789)|HEAP_ALLOCATE|[16]|Bytes:14
05:23:14.0 (51205872)|HEAP_ALLOCATE|[16]|Bytes:16
05:23:14.0 (51220833)|SYSTEM_METHOD_ENTRY|[16]|List<String>.add(Object)
05:23:14.0 (51226395)|HEAP_ALLOCATE|[EXTERNAL]|Bytes:4
05:23:14.0 (51233829)|SYSTEM_METHOD_EXIT|[16]|List<String>.add(Object)
05:23:14.0 (51240279)|STATEMENT_EXECUTE|[17]
05:23:14.0 (51246121)|SYSTEM_METHOD_ENTRY|[14]|system.ListIterator.hasNext()
05:23:14.0 (51252668)|HEAP_ALLOCATE|[14]|Bytes:5
05:23:14.0 (51257885)|SYSTEM_METHOD_EXIT|[14]|system.ListIterator.hasNext()
05:23:14.0 (51269349)|VARIABLE_SCOPE_BEGIN|[14]|f|Schema.SObjectField|true|false
05:23:14.0 (51337431)|VARIABLE_ASSIGNMENT|[14]|f|"common.apex.runtime.impl.ApexFieldToken@5f85f5de"|0x5f85f5de
05:23:14.0 (51345711)|STATEMENT_EXECUTE|[14]
05:23:14.0 (51347638)|STATEMENT_EXECUTE|[15]
05:23:14.0 (51353411)|SYSTEM_METHOD_ENTRY|[15]|Schema.SObjectField.getDescribe()
05:23:14.0 (51444946)|HEAP_ALLOCATE|[15]|Bytes:8
05:23:14.0 (51453403)|SYSTEM_METHOD_EXIT|[15]|Schema.SObjectField.getDescribe()
05:23:14.0 (51458633)|VARIABLE_SCOPE_BEGIN|[15]|dfr|Schema.DescribeFieldResult|true|false
05:23:14.0 (51534616)|VARIABLE_ASSIGNMENT|[15]|dfr|"common.api.soap.wsdl.Field@2178d1a1"|0x73686e68
05:23:14.0 (51542155)|STATEMENT_EXECUTE|[16]
05:23:14.0 (51549751)|HEAP_ALLOCATE|[16]|Bytes:14
05:23:14.0 (51556923)|HEAP_ALLOCATE|[16]|Bytes:16
05:23:14.0 (51572129)|SYSTEM_METHOD_ENTRY|[16]|List<String>.add(Object)
05:23:14.0 (51577566)|HEAP_ALLOCATE|[EXTERNAL]|Bytes:4
05:23:14.0 (51584850)|SYSTEM_METHOD_EXIT|[16]|List<String>.add(Object)
05:23:14.0 (51591092)|STATEMENT_EXECUTE|[17]
05:23:14.0 (51596958)|SYSTEM_METHOD_ENTRY|[14]|system.ListIterator.hasNext()
05:23:14.0 (51603696)|HEAP_ALLOCATE|[14]|Bytes:5
05:23:14.0 (51609222)|SYSTEM_METHOD_EXIT|[14]|system.ListIterator.hasNext()
05:23:14.0 (51620477)|VARIABLE_SCOPE_BEGIN|[14]|f|Schema.SObjectField|true|false
05:23:14.0 (51683504)|VARIABLE_ASSIGNMENT|[14]|f|"common.apex.runtime.impl.ApexFieldToken@57f7ba09"|0x57f7ba09
05:23:14.0 (51691622)|STATEMENT_EXECUTE|[14]
05:23:14.0 (51693217)|STATEMENT_EXECUTE|[15]
05:23:14.0 (51698917)|SYSTEM_METHOD_ENTRY|[15]|Schema.SObjectField.getDescribe()
05:23:14.0 (51787171)|HEAP_ALLOCATE|[15]|Bytes:8
05:23:14.0 (51795390)|SYSTEM_METHOD_EXIT|[15]|Schema.SObjectField.getDescribe()
05:23:14.0 (51800655)|VARIABLE_SCOPE_BEGIN|[15]|dfr|Schema.DescribeFieldResult|true|false
05:23:14.0 (51876329)|VARIABLE_ASSIGNMENT|[15]|dfr|"common.api.soap.wsdl.Field@ba89718b"|0x53f782f0
05:23:14.0 (51883834)|STATEMENT_EXECUTE|[16]
05:23:14.0 (51891067)|HEAP_ALLOCATE|[16]|Bytes:18
05:23:14.0 (51898289)|HEAP_ALLOCATE|[16]|Bytes:20
05:23:14.0 (51913256)|SYSTEM_METHOD_ENTRY|[16]|List<String>.add(Object)
05:23:14.0 (51918496)|HEAP_ALLOCATE|[EXTERNAL]|Bytes:4
05:23:14.0 (51926265)|SYSTEM_METHOD_EXIT|[16]|List<String>.add(Object)
05:23:14.0 (51933060)|STATEMENT_EXECUTE|[17]
05:23:14.0 (51938917)|SYSTEM_METHOD_ENTRY|[14]|system.ListIterator.hasNext()
05:23:14.0 (51945588)|HEAP_ALLOCATE|[14]|Bytes:5
05:23:14.0 (51950643)|SYSTEM_METHOD_EXIT|[14]|system.ListIterator.hasNext()
05:23:14.0 (51962175)|VARIABLE_SCOPE_BEGIN|[14]|f|Schema.SObjectField|true|false
05:23:14.0 (52030430)|VARIABLE_ASSIGNMENT|[14]|f|"common.apex.runtime.impl.ApexFieldToken@60b29426"|0x60b29426
05:23:14.0 (52039500)|STATEMENT_EXECUTE|[14]
05:23:14.0 (52041078)|STATEMENT_EXECUTE|[15]
05:23:14.0 (52046724)|SYSTEM_METHOD_ENTRY|[15]|Schema.SObjectField.getDescribe()
05:23:14.0 (52511107)|HEAP_ALLOCATE|[15]|Bytes:8
05:23:14.0 (52522425)|SYSTEM_METHOD_EXIT|[15]|Schema.SObjectField.getDescribe()
05:23:14.0 (52528903)|VARIABLE_SCOPE_BEGIN|[15]|dfr|Schema.DescribeFieldResult|true|false
05:23:14.0 (52610014)|VARIABLE_ASSIGNMENT|[15]|dfr|"common.api.soap.wsdl.Field@24f6650c"|0x5bd8640f
05:23:14.0 (52617992)|STATEMENT_EXECUTE|[16]
05:23:14.0 (52626251)|HEAP_ALLOCATE|[16]|Bytes:15
05:23:14.0 (52634832)|HEAP_ALLOCATE|[16]|Bytes:17
05:23:14.0 (52652522)|SYSTEM_METHOD_ENTRY|[16]|List<String>.add(Object)
05:23:14.0 (52658653)|HEAP_ALLOCATE|[EXTERNAL]|Bytes:4
05:23:14.0 (52667233)|SYSTEM_METHOD_EXIT|[16]|List<String>.add(Object)
05:23:14.0 (52674321)|STATEMENT_EXECUTE|[17]
05:23:14.0 (52681338)|SYSTEM_METHOD_ENTRY|[14]|system.ListIterator.hasNext()
05:23:14.0 (52689431)|HEAP_ALLOCATE|[14]|Bytes:5
05:23:14.0 (52695011)|SYSTEM_METHOD_EXIT|[14]|system.ListIterator.hasNext()
05:23:14.0 (52707492)|VARIABLE_SCOPE_BEGIN|[14]|f|Schema.SObjectField|true|false
05:23:14.0 (52772871)|VARIABLE_ASSIGNMENT|[14]|f|"common.apex.runtime.impl.ApexFieldToken@299a65a5"|0x299a65a5
05:23:14.0 (52781559)|STATEMENT_EXECUTE|[14]
05:23:14.0 (52783187)|STATEMENT_EXECUTE|[15]
05:23:14.0 (52789428)|SYSTEM_METHOD_ENTRY|[15]|Schema.SObjectField.getDescribe()
05:23:14.0 (52898661)|HEAP_ALLOCATE|[15]|Bytes:8
05:23:14.0 (52908059)|SYSTEM_METHOD_EXIT|[15]|Schema.SObjectField.getDescribe()
05:23:14.0 (52913807)|VARIABLE_SCOPE_BEGIN|[15]|dfr|Schema.DescribeFieldResult|true|false
05:23:14.0 (52991525)|VARIABLE_ASSIGNMENT|[15]|dfr|"common.api.soap.wsdl.Field@ff07dbc0"|0x443752e6
05:23:14.0 (52999772)|STATEMENT_EXECUTE|[16]
05:23:14.0 (53007695)|HEAP_ALLOCATE|[16]|Bytes:21
05:23:14.0 (53015945)|HEAP_ALLOCATE|[16]|Bytes:23
05:23:14.0 (53032301)|SYSTEM_METHOD_ENTRY|[16]|List<String>.add(Object)
05:23:14.0 (53037893)|HEAP_ALLOCATE|[EXTERNAL]|Bytes:4
05:23:14.0 (53045466)|SYSTEM_METHOD_EXIT|[16]|List<String>.add(Object)
05:23:14.0 (53052073)|STATEMENT_EXECUTE|[17]
05:23:14.0 (53057901)|SYSTEM_METHOD_ENTRY|[14]|system.ListIterator.hasNext()
05:23:14.0 (53064667)|HEAP_ALLOCATE|[14]|Bytes:5
05:23:14.0 (53069790)|SYSTEM_METHOD_EXIT|[14]|system.ListIterator.hasNext()
05:23:14.0 (53081618)|VARIABLE_SCOPE_BEGIN|[14]|f|Schema.SObjectField|true|false
05:23:14.0 (53145579)|VARIABLE_ASSIGNMENT|[14]|f|"common.apex.runtime.impl.ApexFieldToken@59c14e4d"|0x59c14e4d
05:23:14.0 (53154034)|STATEMENT_EXECUTE|[14]
05:23:14.0 (53155605)|STATEMENT_EXECUTE|[15]
05:23:14.0 (53161738)|SYSTEM_METHOD_ENTRY|[15]|Schema.SObjectField.getDescribe()
05:23:14.0 (53271188)|HEAP_ALLOCATE|[15]|Bytes:8
05:23:14.0 (53280535)|SYSTEM_METHOD_EXIT|[15]|Schema.SObjectField.getDescribe()
05:23:14.0 (53286454)|VARIABLE_SCOPE_BEGIN|[15]|dfr|Schema.DescribeFieldResult|true|false
05:23:14.0 (53368579)|VARIABLE_ASSIGNMENT|[15]|dfr|"common.api.soap.wsdl.Field@12fbcdfa"|0x788a67fb
05:23:14.0 (53376460)|STATEMENT_EXECUTE|[16]
05:23:14.0 (53384201)|HEAP_ALLOCATE|[16]|Bytes:16
05:23:14.0 (53392927)|HEAP_ALLOCATE|[16]|Bytes:18
05:23:14.0 (53409733)|SYSTEM_METHOD_ENTRY|[16]|List<String>.add(Object)
05:23:14.0 (53415359)|HEAP_ALLOCATE|[EXTERNAL]|Bytes:4
05:23:14.0 (53423103)|SYSTEM_METHOD_EXIT|[16]|List<String>.add(Object)
05:23:14.0 (53430014)|STATEMENT_EXECUTE|[17]
05:23:14.0 (53436014)|SYSTEM_METHOD_ENTRY|[14]|system.ListIterator.hasNext()
05:23:14.0 (53442638)|HEAP_ALLOCATE|[14]|Bytes:5
05:23:14.0 (53447469)|SYSTEM_METHOD_EXIT|[14]|system.ListIterator.hasNext()
05:23:14.0 (53458866)|VARIABLE_SCOPE_BEGIN|[14]|f|Schema.SObjectField|true|false
05:23:14.0 (53525903)|VARIABLE_ASSIGNMENT|[14]|f|"common.apex.runtime.impl.ApexFieldToken@330c908e"|0x330c908e
05:23:14.0 (53534132)|STATEMENT_EXECUTE|[14]
05:23:14.0 (53535751)|STATEMENT_EXECUTE|[15]
05:23:14.0 (53541595)|SYSTEM_METHOD_ENTRY|[15]|Schema.SObjectField.getDescribe()
05:23:14.0 (53647521)|HEAP_ALLOCATE|[15]|Bytes:8
05:23:14.0 (53656659)|SYSTEM_METHOD_EXIT|[15]|Schema.SObjectField.getDescribe()
05:23:14.0 (53662201)|VARIABLE_SCOPE_BEGIN|[15]|dfr|Schema.DescribeFieldResult|true|false
05:23:14.0 (53738110)|VARIABLE_ASSIGNMENT|[15]|dfr|"common.api.soap.wsdl.Field@c4d306a1"|0x161afd62
05:23:14.0 (53745751)|STATEMENT_EXECUTE|[16]
05:23:14.0 (53753384)|HEAP_ALLOCATE|[16]|Bytes:22
05:23:14.0 (53761152)|HEAP_ALLOCATE|[16]|Bytes:24
05:23:14.0 (53776161)|SYSTEM_METHOD_ENTRY|[16]|List<String>.add(Object)
05:23:14.0 (53781411)|HEAP_ALLOCATE|[EXTERNAL]|Bytes:4
05:23:14.0 (53788801)|SYSTEM_METHOD_EXIT|[16]|List<String>.add(Object)
05:23:14.0 (53795659)|STATEMENT_EXECUTE|[17]
05:23:14.0 (53801646)|SYSTEM_METHOD_ENTRY|[14]|system.ListIterator.hasNext()
05:23:14.0 (53808318)|HEAP_ALLOCATE|[14]|Bytes:5
05:23:14.0 (53813264)|SYSTEM_METHOD_EXIT|[14]|system.ListIterator.hasNext()
05:23:14.0 (53824500)|VARIABLE_SCOPE_BEGIN|[14]|f|Schema.SObjectField|true|false
05:23:14.0 (53888776)|VARIABLE_ASSIGNMENT|[14]|f|"common.apex.runtime.impl.ApexFieldToken@476b316d"|0x476b316d
05:23:14.0 (53897154)|STATEMENT_EXECUTE|[14]
05:23:14.0 (53898688)|STATEMENT_EXECUTE|[15]
05:23:14.0 (53904290)|SYSTEM_METHOD_ENTRY|[15]|Schema.SObjectField.getDescribe()
05:23:14.0 (54006368)|HEAP_ALLOCATE|[15]|Bytes:8
05:23:14.0 (54016143)|SYSTEM_METHOD_EXIT|[15]|Schema.SObjectField.getDescribe()
05:23:14.0 (54021721)|VARIABLE_SCOPE_BEGIN|[15]|dfr|Schema.DescribeFieldResult|true|false
05:23:14.0 (54661300)|VARIABLE_ASSIGNMENT|[15]|dfr|"common.api.soap.wsdl.Field@3817c9f0"|0x70984af4
05:23:14.0 (54671511)|STATEMENT_EXECUTE|[16]
05:23:14.0 (54681339)|HEAP_ALLOCATE|[16]|Bytes:21
05:23:14.0 (54690921)|HEAP_ALLOCATE|[16]|Bytes:23
05:23:14.0 (54709417)|SYSTEM_METHOD_ENTRY|[16]|List<String>.add(Object)
05:23:14.0 (54715730)|HEAP_ALLOCATE|[EXTERNAL]|Bytes:4
05:23:14.0 (54724804)|SYSTEM_METHOD_EXIT|[16]|List<String>.add(Object)
05:23:14.0 (54732378)|STATEMENT_EXECUTE|[17]
05:23:14.0 (54739141)|SYSTEM_METHOD_ENTRY|[14]|system.ListIterator.hasNext()
05:23:14.0 (54746758)|HEAP_ALLOCATE|[14]|Bytes:5
05:23:14.0 (54752421)|SYSTEM_METHOD_EXIT|[14]|system.ListIterator.hasNext()
05:23:14.0 (54764997)|VARIABLE_SCOPE_BEGIN|[14]|f|Schema.SObjectField|true|false
05:23:14.0 (54833693)|VARIABLE_ASSIGNMENT|[14]|f|"common.apex.runtime.impl.ApexFieldToken@3d26d368"|0x3d26d368
05:23:14.0 (54842686)|STATEMENT_EXECUTE|[14]
05:23:14.0 (54844368)|STATEMENT_EXECUTE|[15]
05:23:14.0 (54850792)|SYSTEM_METHOD_ENTRY|[15]|Schema.SObjectField.getDescribe()
05:23:14.0 (54965485)|HEAP_ALLOCATE|[15]|Bytes:8
05:23:14.0 (54975172)|SYSTEM_METHOD_EXIT|[15]|Schema.SObjectField.getDescribe()
05:23:14.0 (54980639)|VARIABLE_SCOPE_BEGIN|[15]|dfr|Schema.DescribeFieldResult|true|false
05:23:14.0 (55059023)|VARIABLE_ASSIGNMENT|[15]|dfr|"common.api.soap.wsdl.Field@a2d793c1"|0x345945c0
05:23:14.0 (55067680)|STATEMENT_EXECUTE|[16]
05:23:14.0 (55075470)|HEAP_ALLOCATE|[16]|Bytes:17
05:23:14.0 (55083551)|HEAP_ALLOCATE|[16]|Bytes:19
05:23:14.0 (55100206)|SYSTEM_METHOD_ENTRY|[16]|List<String>.add(Object)
05:23:14.0 (55105742)|HEAP_ALLOCATE|[EXTERNAL]|Bytes:4
05:23:14.0 (55113715)|SYSTEM_METHOD_EXIT|[16]|List<String>.add(Object)
05:23:14.0 (55120629)|STATEMENT_EXECUTE|[17]
05:23:14.0 (55127251)|SYSTEM_METHOD_ENTRY|[14]|system.ListIterator.hasNext()
05:23:14.0 (55134536)|HEAP_ALLOCATE|[14]|Bytes:5
05:23:14.0 (55140549)|SYSTEM_METHOD_EXIT|[14]|system.ListIterator.hasNext()
05:23:14.0 (55158157)|VARIABLE_SCOPE_BEGIN|[14]|f|Schema.SObjectField|true|false
05:23:14.0 (55229845)|VARIABLE_ASSIGNMENT|[14]|f|"common.apex.runtime.impl.ApexFieldToken@6ec641a7"|0x6ec641a7
05:23:14.0 (55238789)|STATEMENT_EXECUTE|[14]
05:23:14.0 (55240343)|STATEMENT_EXECUTE|[15]
05:23:14.0 (55247052)|SYSTEM_METHOD_ENTRY|[15]|Schema.SObjectField.getDescribe()
05:23:14.0 (55362500)|HEAP_ALLOCATE|[15]|Bytes:8
05:23:14.0 (55372180)|SYSTEM_METHOD_EXIT|[15]|Schema.SObjectField.getDescribe()
05:23:14.0 (55377641)|VARIABLE_SCOPE_BEGIN|[15]|dfr|Schema.DescribeFieldResult|true|false
05:23:14.0 (55456340)|VARIABLE_ASSIGNMENT|[15]|dfr|"common.api.soap.wsdl.Field@b4f9343"|0x1704d133
05:23:14.0 (55464550)|STATEMENT_EXECUTE|[16]
05:23:14.0 (55471776)|HEAP_ALLOCATE|[16]|Bytes:20
05:23:14.0 (55479319)|HEAP_ALLOCATE|[16]|Bytes:22
05:23:14.0 (55496020)|SYSTEM_METHOD_ENTRY|[16]|List<String>.add(Object)
05:23:14.0 (55501912)|HEAP_ALLOCATE|[EXTERNAL]|Bytes:4
05:23:14.0 (55510061)|SYSTEM_METHOD_EXIT|[16]|List<String>.add(Object)
05:23:14.0 (55516901)|STATEMENT_EXECUTE|[17]
05:23:14.0 (55523270)|SYSTEM_METHOD_ENTRY|[14]|system.ListIterator.hasNext()
05:23:14.0 (55530501)|HEAP_ALLOCATE|[14]|Bytes:5
05:23:14.0 (55535961)|SYSTEM_METHOD_EXIT|[14]|system.ListIterator.hasNext()
05:23:14.0 (55547824)|VARIABLE_SCOPE_BEGIN|[14]|f|Schema.SObjectField|true|false
05:23:14.0 (55611970)|VARIABLE_ASSIGNMENT|[14]|f|"common.apex.runtime.impl.ApexFieldToken@39992411"|0x39992411
05:23:14.0 (55620517)|STATEMENT_EXECUTE|[14]
05:23:14.0 (55622055)|STATEMENT_EXECUTE|[15]
05:23:14.0 (55628095)|SYSTEM_METHOD_ENTRY|[15]|Schema.SObjectField.getDescribe()
05:23:14.0 (55731920)|HEAP_ALLOCATE|[15]|Bytes:8
05:23:14.0 (55741049)|SYSTEM_METHOD_EXIT|[15]|Schema.SObjectField.getDescribe()
05:23:14.0 (55746750)|VARIABLE_SCOPE_BEGIN|[15]|dfr|Schema.DescribeFieldResult|true|false
05:23:14.0 (55823062)|VARIABLE_ASSIGNMENT|[15]|dfr|"common.api.soap.wsdl.Field@34381427"|0x5938a397
05:23:14.0 (55830835)|STATEMENT_EXECUTE|[16]
05:23:14.0 (55838630)|HEAP_ALLOCATE|[16]|Bytes:21
05:23:14.0 (55846639)|HEAP_ALLOCATE|[16]|Bytes:23
05:23:14.0 (55862489)|SYSTEM_METHOD_ENTRY|[16]|List<String>.add(Object)
05:23:14.0 (55868144)|HEAP_ALLOCATE|[EXTERNAL]|Bytes:4
05:23:14.0 (55875760)|SYSTEM_METHOD_EXIT|[16]|List<String>.add(Object)
05:23:14.0 (55882226)|STATEMENT_EXECUTE|[17]
05:23:14.0 (55888780)|SYSTEM_METHOD_ENTRY|[14]|system.ListIterator.hasNext()
05:23:14.0 (55895550)|HEAP_ALLOCATE|[14]|Bytes:5
05:23:14.0 (55900348)|SYSTEM_METHOD_EXIT|[14]|system.ListIterator.hasNext()
05:23:14.0 (55912036)|VARIABLE_SCOPE_BEGIN|[14]|f|Schema.SObjectField|true|false
05:23:14.0 (55976320)|VARIABLE_ASSIGNMENT|[14]|f|"common.apex.runtime.impl.ApexFieldToken@27e78a16"|0x27e78a16
05:23:14.0 (55984735)|STATEMENT_EXECUTE|[14]
05:23:14.0 (55986277)|STATEMENT_EXECUTE|[15]
05:23:14.0 (55992301)|SYSTEM_METHOD_ENTRY|[15]|Schema.SObjectField.getDescribe()
05:23:14.0 (56096496)|HEAP_ALLOCATE|[15]|Bytes:8
05:23:14.0 (56106109)|SYSTEM_METHOD_EXIT|[15]|Schema.SObjectField.getDescribe()
05:23:14.0 (56111259)|VARIABLE_SCOPE_BEGIN|[15]|dfr|Schema.DescribeFieldResult|true|false
05:23:14.0 (56187169)|VARIABLE_ASSIGNMENT|[15]|dfr|"common.api.soap.wsdl.Field@f29530c0"|0x57a5e7b5
05:23:14.0 (56195037)|STATEMENT_EXECUTE|[16]
05:23:14.0 (56202312)|HEAP_ALLOCATE|[16]|Bytes:20
05:23:14.0 (56210395)|HEAP_ALLOCATE|[16]|Bytes:22
05:23:14.0 (56226143)|SYSTEM_METHOD_ENTRY|[16]|List<String>.add(Object)
05:23:14.0 (56231895)|HEAP_ALLOCATE|[EXTERNAL]|Bytes:4
05:23:14.0 (56239816)|SYSTEM_METHOD_EXIT|[16]|List<String>.add(Object)
05:23:14.0 (56246508)|STATEMENT_EXECUTE|[17]
05:23:14.0 (56252601)|SYSTEM_METHOD_ENTRY|[14]|system.ListIterator.hasNext()
05:23:14.0 (56259450)|HEAP_ALLOCATE|[14]|Bytes:5
05:23:14.0 (56264467)|SYSTEM_METHOD_EXIT|[14]|system.ListIterator.hasNext()
05:23:14.0 (56275771)|VARIABLE_SCOPE_BEGIN|[14]|f|Schema.SObjectField|true|false
05:23:14.0 (56343698)|VARIABLE_ASSIGNMENT|[14]|f|"common.apex.runtime.impl.ApexFieldToken@2c51a011"|0x2c51a011
05:23:14.0 (56351958)|STATEMENT_EXECUTE|[14]
05:23:14.0 (56353483)|STATEMENT_EXECUTE|[15]
05:23:14.0 (56358996)|SYSTEM_METHOD_ENTRY|[15]|Schema.SObjectField.getDescribe()
05:23:14.0 (56880966)|HEAP_ALLOCATE|[15]|Bytes:8
05:23:14.0 (56892154)|SYSTEM_METHOD_EXIT|[15]|Schema.SObjectField.getDescribe()
05:23:14.0 (56898989)|VARIABLE_SCOPE_BEGIN|[15]|dfr|Schema.DescribeFieldResult|true|false
05:23:14.0 (56980003)|VARIABLE_ASSIGNMENT|[15]|dfr|"common.api.soap.wsdl.Field@977deabe"|0x434ce1dc
05:23:14.0 (56988373)|STATEMENT_EXECUTE|[16]
05:23:14.0 (56996672)|HEAP_ALLOCATE|[16]|Bytes:16
05:23:14.0 (57005051)|HEAP_ALLOCATE|[16]|Bytes:18
05:23:14.0 (57024296)|SYSTEM_METHOD_ENTRY|[16]|List<String>.add(Object)
05:23:14.0 (57030291)|HEAP_ALLOCATE|[EXTERNAL]|Bytes:4
05:23:14.0 (57038464)|SYSTEM_METHOD_EXIT|[16]|List<String>.add(Object)
05:23:14.0 (57045956)|HEAP_ALLOCATE|[17]|Bytes:16
05:23:14.0 (57050508)|STATEMENT_EXECUTE|[17]
05:23:14.0 (57052223)|STATEMENT_EXECUTE|[18]
05:23:14.0 (57055615)|HEAP_ALLOCATE|[18]|Bytes:16
05:23:14.0 (57060206)|HEAP_ALLOCATE|[18]|Bytes:18
05:23:14.0 (57068809)|SYSTEM_METHOD_ENTRY|[18]|List<String>.add(Object)
05:23:14.0 (57072815)|HEAP_ALLOCATE|[EXTERNAL]|Bytes:4
05:23:14.0 (57079222)|SYSTEM_METHOD_EXIT|[18]|List<String>.add(Object)
05:23:14.0 (57086968)|SYSTEM_METHOD_ENTRY|[14]|system.ListIterator.hasNext()
05:23:14.0 (57094438)|HEAP_ALLOCATE|[14]|Bytes:5
05:23:14.0 (57099675)|SYSTEM_METHOD_EXIT|[14]|system.ListIterator.hasNext()
05:23:14.0 (57112159)|VARIABLE_SCOPE_BEGIN|[14]|f|Schema.SObjectField|true|false
05:23:14.0 (57177804)|VARIABLE_ASSIGNMENT|[14]|f|"common.apex.runtime.impl.ApexFieldToken@70c61745"|0x70c61745
05:23:14.0 (57186426)|STATEMENT_EXECUTE|[14]
05:23:14.0 (57188139)|STATEMENT_EXECUTE|[15]
05:23:14.0 (57194245)|SYSTEM_METHOD_ENTRY|[15]|Schema.SObjectField.getDescribe()
05:23:14.0 (57306837)|HEAP_ALLOCATE|[15]|Bytes:8
05:23:14.0 (57316412)|SYSTEM_METHOD_EXIT|[15]|Schema.SObjectField.getDescribe()
05:23:14.0 (57321970)|VARIABLE_SCOPE_BEGIN|[15]|dfr|Schema.DescribeFieldResult|true|false
05:23:14.0 (57405967)|VARIABLE_ASSIGNMENT|[15]|dfr|"common.api.soap.wsdl.Field@b8b3d373"|0x3ab84080
05:23:14.0 (57414109)|STATEMENT_EXECUTE|[16]
05:23:14.0 (57421692)|HEAP_ALLOCATE|[16]|Bytes:17
05:23:14.0 (57428833)|HEAP_ALLOCATE|[16]|Bytes:19
05:23:14.0 (57445132)|SYSTEM_METHOD_ENTRY|[16]|List<String>.add(Object)
05:23:14.0 (57450825)|HEAP_ALLOCATE|[EXTERNAL]|Bytes:4
05:23:14.0 (57458704)|SYSTEM_METHOD_EXIT|[16]|List<String>.add(Object)
05:23:14.0 (57465623)|STATEMENT_EXECUTE|[17]
05:23:14.0 (57471804)|SYSTEM_METHOD_ENTRY|[14]|system.ListIterator.hasNext()
05:23:14.0 (57478887)|HEAP_ALLOCATE|[14]|Bytes:5
05:23:14.0 (57484291)|SYSTEM_METHOD_EXIT|[14]|system.ListIterator.hasNext()
05:23:14.0 (57496166)|VARIABLE_SCOPE_BEGIN|[14]|f|Schema.SObjectField|true|false
05:23:14.0 (57559730)|VARIABLE_ASSIGNMENT|[14]|f|"common.apex.runtime.impl.ApexFieldToken@f0ce0"|0xf0ce0
05:23:14.0 (57568039)|STATEMENT_EXECUTE|[14]
05:23:14.0 (57569544)|STATEMENT_EXECUTE|[15]
05:23:14.0 (57575379)|SYSTEM_METHOD_ENTRY|[15]|Schema.SObjectField.getDescribe()
05:23:14.0 (57681150)|HEAP_ALLOCATE|[15]|Bytes:8
05:23:14.0 (57690488)|SYSTEM_METHOD_EXIT|[15]|Schema.SObjectField.getDescribe()
05:23:14.0 (57696068)|VARIABLE_SCOPE_BEGIN|[15]|dfr|Schema.DescribeFieldResult|true|false
05:23:14.0 (57771198)|VARIABLE_ASSIGNMENT|[15]|dfr|"common.api.soap.wsdl.Field@c53bf08d"|0x4e1037fe
05:23:14.0 (57779423)|STATEMENT_EXECUTE|[16]
05:23:14.0 (57787053)|HEAP_ALLOCATE|[16]|Bytes:17
05:23:14.0 (57794773)|HEAP_ALLOCATE|[16]|Bytes:19
05:23:14.0 (57810598)|SYSTEM_METHOD_ENTRY|[16]|List<String>.add(Object)
05:23:14.0 (57815833)|HEAP_ALLOCATE|[EXTERNAL]|Bytes:4
05:23:14.0 (57823513)|SYSTEM_METHOD_EXIT|[16]|List<String>.add(Object)
05:23:14.0 (57829772)|STATEMENT_EXECUTE|[17]
05:23:14.0 (57836017)|SYSTEM_METHOD_ENTRY|[14]|system.ListIterator.hasNext()
05:23:14.0 (57842743)|HEAP_ALLOCATE|[14]|Bytes:5
05:23:14.0 (57851489)|SYSTEM_METHOD_EXIT|[14]|system.ListIterator.hasNext()
05:23:14.0 (57861575)|VARIABLE_ASSIGNMENT|[14]|f|null|
05:23:14.0 (57867796)|STATEMENT_EXECUTE|[24]
05:23:14.0 (57892815)|SYSTEM_METHOD_ENTRY|[24]|S360_FA.S360_Form_Builder_Ext.__sfdc_objectFields(List<String>)
05:23:14.0 (57953426)|VARIABLE_ASSIGNMENT|[EXTERNAL]|this|{}|0x2947f528
05:23:14.0 (57970142)|VARIABLE_ASSIGNMENT|[EXTERNAL]|value|"List of size 29 too large to display"|0x3360a006
05:23:14.0 (58003288)|VARIABLE_ASSIGNMENT|[2]|this.objectFields|"List of size 29 too large to display"|0x2947f528
05:23:14.0 (58013995)|SYSTEM_METHOD_EXIT|[24]|S360_FA.S360_Form_Builder_Ext.__sfdc_objectFields(List<String>)
05:23:14.0 (66717164)|SYSTEM_MODE_ENTER|true
05:23:14.0 (71201134)|CODE_UNIT_FINISHED|VF: /apex/s360_fa__S360_FormBuilder2
05:23:14.0 (71933754)|EXECUTION_FINISHED
